#
# A fatal error has been detected by the Java Runtime Environment:
#
#  EXCEPTION_ACCESS_VIOLATION (0xc0000005) at pc=0x000000006b549cc0, pid=2732, tid=0x0000000000001df4
#
# JRE version: OpenJDK Runtime Environment (8.0_76-b03) (build 1.8.0_76-release-b03)
# Java VM: OpenJDK 64-Bit Server VM (25.76-b03 mixed mode windows-amd64 compressed oops)
# Problematic frame:
# V  [jvm.dll+0x89cc0]
#
# Failed to write core dump. Minidumps are not enabled by default on client versions of Windows
#
# If you would like to submit a bug report, please visit:
#   http://bugreport.java.com/bugreport/crash.jsp
#

---------------  T H R E A D  ---------------

Current thread (0x00000000020e9800):  GCTaskThread [stack: 0x0000000011ca0000,0x0000000011da0000] [id=7668]

siginfo: ExceptionCode=0xc0000005, reading address 0x0000000104a46d10

Registers:
RAX=0x0000000000000001, RBX=0x00000000fdf6be18, RCX=0x00000000fdf6be18, RDX=0x0000000104a46d08
RSP=0x0000000011d9f868, RBP=0x00000000115bd581, RSI=0x0000000015b03340, RDI=0x00000000a5aa4370
R8 =0x0000000015b03340, R9 =0x0000000000000011, R10=0x000000000000000c, R11=0x000000000000000c
R12=0x00000000115bd50a, R13=0x000000000000000d, R14=0x0000000000000000, R15=0x00000000020dc850
RIP=0x000000006b549cc0, EFLAGS=0x0000000000010202

Top of Stack: (sp=0x0000000011d9f868)
0x0000000011d9f868:   000000006b887792 00000000fdf6bdf0
0x0000000011d9f878:   0000000000000005 0000000015b03340
0x0000000011d9f888:   00000000fd3bfae8 00000000f83f3990
0x0000000011d9f898:   000000006b887edb 00000000b0a26a88
0x0000000011d9f8a8:   0000000000000400 0000000000000000
0x0000000011d9f8b8:   0000000015b03300 00000000115bd50a
0x0000000011d9f8c8:   000000006b887b00 00000000b0a26da4
0x0000000011d9f8d8:   00000000115bd581 0000000015b03340
0x0000000011d9f8e8:   00000000a5aa4370 00000000b0a26da4
0x0000000011d9f8f8:   000000006b8886a5 00000000fdf59fe0
0x0000000011d9f908:   00000000115bd581 0000000015b03340
0x0000000011d9f918:   0000000000000004 0000000015b03340
0x0000000011d9f928:   000000006b585d40 0000000000000000
0x0000000011d9f938:   000000006b887edb 0000000015b03340
0x0000000011d9f948:   000000006b5ac5d3 00000000a5aa1d25
0x0000000011d9f958:   00000000a5aa1d25 00000000a5aa22b0 

Instructions: (pc=0x000000006b549cc0)
0x000000006b549ca0:   ac 3a 1d 00 48 8b 9c 24 c0 00 00 00 48 81 c4 b0
0x000000006b549cb0:   00 00 00 5d c3 cc cc cc cc cc cc cc cc cc cc cc
0x000000006b549cc0:   44 8b 42 08 4c 8b ca 45 85 c0 7e 0e 41 f6 c0 01
0x000000006b549cd0:   75 57 41 c1 f8 03 41 8b c0 c3 79 4d 80 3d be 5f 


Register to memory mapping:

RAX=0x0000000000000001 is an unknown value
RBX=0x00000000fdf6be18 is an oop

[error occurred during error reporting (printing register info), id 0xc0000005]

Stack: [0x0000000011ca0000,0x0000000011da0000],  sp=0x0000000011d9f868,  free space=1022k
Native frames: (J=compiled Java code, j=interpreted, Vv=VM code, C=native code)
V  [jvm.dll+0x89cc0]


---------------  P R O C E S S  ---------------

Java Threads: ( => current thread )
  0x000000001a920800 JavaThread "pool-79-thread-4" [_thread_blocked, id=7312, stack(0x00000000230c0000,0x00000000231c0000)]
  0x000000001a91f000 JavaThread "pool-79-thread-3" [_thread_blocked, id=7140, stack(0x0000000022fc0000,0x00000000230c0000)]
  0x000000001a91a800 JavaThread "pool-79-thread-2" [_thread_blocked, id=5900, stack(0x0000000022ec0000,0x0000000022fc0000)]
  0x000000001a91a000 JavaThread "pool-80-thread-1" [_thread_blocked, id=5896, stack(0x0000000022bc0000,0x0000000022cc0000)]
  0x000000001a91c000 JavaThread "pool-79-thread-1" [_thread_blocked, id=5276, stack(0x00000000227c0000,0x00000000228c0000)]
  0x000000001a91d000 JavaThread "pool-54-thread-1" [_thread_blocked, id=5200, stack(0x0000000021fc0000,0x00000000220c0000)]
  0x000000001ed3c800 JavaThread "pool-73-thread-3" [_thread_blocked, id=5212, stack(0x00000000223c0000,0x00000000224c0000)]
  0x000000001ed3a800 JavaThread "pool-74-thread-1" [_thread_blocked, id=9080, stack(0x00000000221c0000,0x00000000222c0000)]
  0x000000001ed3d800 JavaThread "pool-34-thread-4" [_thread_blocked, id=9108, stack(0x0000000022ac0000,0x0000000022bc0000)]
  0x000000001ed37800 JavaThread "pool-34-thread-3" [_thread_blocked, id=5980, stack(0x0000000022dc0000,0x0000000022ec0000)]
  0x000000001ed38000 JavaThread "pool-34-thread-2" [_thread_blocked, id=7328, stack(0x0000000022cc0000,0x0000000022dc0000)]
  0x000000001ed36800 JavaThread "pool-35-thread-1" [_thread_blocked, id=8148, stack(0x00000000231c0000,0x00000000232c0000)]
  0x000000001ed39800 JavaThread "pool-34-thread-1" [_thread_blocked, id=7104, stack(0x0000000021ec0000,0x0000000021fc0000)]
  0x000000001ed32800 JavaThread "pool-5-thread-3" [_thread_blocked, id=3080, stack(0x0000000021dc0000,0x0000000021ec0000)]
  0x000000001ed34800 JavaThread "pool-5-thread-2" [_thread_blocked, id=8548, stack(0x0000000021bc0000,0x0000000021cc0000)]
  0x000000001ed36000 JavaThread "pool-5-thread-4" [_thread_blocked, id=3948, stack(0x0000000021ac0000,0x0000000021bc0000)]
  0x000000001ed35000 JavaThread "pool-5-thread-1" [_thread_blocked, id=7080, stack(0x00000000219c0000,0x0000000021ac0000)]
  0x000000001ed2f000 JavaThread "pool-4-thread-4" [_thread_blocked, id=7840, stack(0x00000000218c0000,0x00000000219c0000)]
  0x000000001ed32000 JavaThread "pool-4-thread-3" [_thread_blocked, id=7768, stack(0x000000001e7d0000,0x000000001e8d0000)]
  0x000000001ed2e000 JavaThread "pool-4-thread-2" [_thread_blocked, id=8972, stack(0x000000001d680000,0x000000001d780000)]
  0x000000001ed30800 JavaThread "pool-4-thread-1" [_thread_blocked, id=6748, stack(0x0000000019f10000,0x000000001a010000)]
  0x000000001ab3f800 JavaThread "Asynchronous log dispatcher for org.gradle.launcher.daemon.server.DefaultDaemonConnection@4e1bff79" [_thread_blocked, id=7624, stack(0x0000000019e10000,0x0000000019f10000)]
  0x000000001ab3c000 JavaThread "Daemon worker Thread 2" [_thread_blocked, id=7200, stack(0x0000000019d10000,0x0000000019e10000)]
  0x000000001ab3f000 JavaThread "Cancel handler" [_thread_blocked, id=7000, stack(0x0000000019c10000,0x0000000019d10000)]
  0x000000001ab3c800 JavaThread "Handler for socket connection from /127.0.0.1:50739 to /127.0.0.1:53622" [_thread_in_native, id=6600, stack(0x0000000019b10000,0x0000000019c10000)]
  0x000000001ab3b000 JavaThread "Daemon Thread 2" [_thread_blocked, id=7928, stack(0x0000000019a10000,0x0000000019b10000)]
  0x0000000018dc8000 JavaThread "File lock request listener" [_thread_in_native, id=8396, stack(0x000000001a610000,0x000000001a710000)]
  0x00000000188b6800 JavaThread "pool-1-thread-1" [_thread_blocked, id=8824, stack(0x0000000019910000,0x0000000019a10000)]
  0x0000000018856000 JavaThread "Incoming local TCP Connector on port 50739" [_thread_in_native, id=8852, stack(0x00000000181b0000,0x00000000182b0000)]
  0x00000000173d3000 JavaThread "Service Thread" daemon [_thread_blocked, id=8056, stack(0x00000000177b0000,0x00000000178b0000)]
  0x0000000015b44000 JavaThread "C1 CompilerThread2" daemon [_thread_blocked, id=6872, stack(0x00000000172b0000,0x00000000173b0000)]
  0x0000000015b3d000 JavaThread "C2 CompilerThread1" daemon [_thread_blocked, id=7972, stack(0x00000000171b0000,0x00000000172b0000)]
  0x0000000015b39800 JavaThread "C2 CompilerThread0" daemon [_thread_in_native, id=8044, stack(0x00000000170b0000,0x00000000171b0000)]
  0x0000000015b38000 JavaThread "Attach Listener" daemon [_thread_blocked, id=7816, stack(0x0000000016fb0000,0x00000000170b0000)]
  0x0000000015b37000 JavaThread "Signal Dispatcher" daemon [_thread_blocked, id=7588, stack(0x0000000016eb0000,0x0000000016fb0000)]
  0x00000000021ca800 JavaThread "Finalizer" daemon [_thread_blocked, id=6184, stack(0x0000000016db0000,0x0000000016eb0000)]
  0x00000000021bf800 JavaThread "Reference Handler" daemon [_thread_blocked, id=7568, stack(0x0000000016cb0000,0x0000000016db0000)]
  0x00000000020d0800 JavaThread "main" [_thread_blocked, id=2776, stack(0x0000000001fd0000,0x00000000020d0000)]

Other Threads:
  0x0000000015b05000 VMThread [stack: 0x0000000016bb0000,0x0000000016cb0000] [id=3052]
  0x0000000015b7a800 WatcherThread [stack: 0x00000000178b0000,0x00000000179b0000] [id=8332]

=>0x00000000020e9800 (exited) GCTaskThread [stack: 0x0000000011ca0000,0x0000000011da0000] [id=7668]

VM state:at safepoint (normal execution)

VM Mutex/Monitor currently owned by a thread:  ([mutex/lock_event])
[0x0000000001edbb20] Threads_lock - owner thread: 0x0000000015b05000
[0x0000000001edc520] Heap_lock - owner thread: 0x000000001a91c000

Heap:
 PSYoungGen      total 450048K, used 441106K [0x00000000e0000000, 0x0000000100000000, 0x0000000100000000)
  eden space 388096K, 100% used [0x00000000e0000000,0x00000000f7b00000,0x00000000f7b00000)
  from space 61952K, 85% used [0x00000000fc380000,0x00000000ff744b98,0x0000000100000000)
  to   space 68096K, 55% used [0x00000000f7b00000,0x00000000f9fff788,0x00000000fbd80000)
 ParOldGen       total 425472K, used 308274K [0x00000000a0000000, 0x00000000b9f80000, 0x00000000e0000000)
  object space 425472K, 72% used [0x00000000a0000000,0x00000000b2d0c9d8,0x00000000b9f80000)
 Metaspace       used 75179K, capacity 78346K, committed 78592K, reserved 1118208K
  class space    used 9860K, capacity 10645K, committed 10752K, reserved 1048576K

Card table byte_map: [0x0000000011590000,0x00000000118a0000] byte_map_base: 0x0000000011090000

Marking Bits: (ParMarkBitMap*) 0x000000006bc79d00
 Begin Bits: [0x0000000011ea0000, 0x00000000136a0000)
 End Bits:   [0x00000000136a0000, 0x0000000014ea0000)

Polling page: 0x00000000005e0000

CodeCache: size=245760Kb used=45497Kb max_used=45497Kb free=200262Kb
 bounds [0x00000000021d0000, 0x0000000004e80000, 0x00000000111d0000]
 total_blobs=12586 nmethods=11845 adapters=653
 compilation: enabled

Compilation events (10 events):
Event: 1320.438 Thread 0x0000000015b44000 14974       3       com.android.dx.ssa.RegisterMapper::map (73 bytes)
Event: 1320.440 Thread 0x0000000015b44000 nmethod 14974 0x0000000004e61a90 code [0x0000000004e61ca0, 0x0000000004e62868]
Event: 1320.569 Thread 0x0000000015b44000 14977       3       com.android.dx.dex.code.LocalStart::withMapper (20 bytes)
Event: 1320.570 Thread 0x0000000015b44000 nmethod 14977 0x00000000048c91d0 code [0x00000000048c9380, 0x00000000048c98e8]
Event: 1320.584 Thread 0x0000000015b44000 14978       3       com.android.dx.dex.code.OutputFinisher::performExpansion (273 bytes)
Event: 1320.588 Thread 0x0000000015b44000 nmethod 14978 0x0000000004e69c10 code [0x0000000004e6a0c0, 0x0000000004e6d858]
Event: 1320.597 Thread 0x0000000015b44000 14979       3       com.android.dx.dex.code.LocalList$Entry::matches (9 bytes)
Event: 1320.597 Thread 0x0000000015b44000 nmethod 14979 0x0000000004a17c50 code [0x0000000004a17dc0, 0x0000000004a18188]
Event: 1320.642 Thread 0x0000000015b44000 14980   !   3       com.android.dx.dex.cf.CfTranslator::processMethods (596 bytes)
Event: 1320.649 Thread 0x0000000015b44000 nmethod 14980 0x0000000004e6fa50 code [0x0000000004e701e0, 0x0000000004e76148]

GC Heap History (10 events):
Event: 1312.726 GC heap after
Heap after GC invocations=34 (full 5):
 PSYoungGen      total 338944K, used 39422K [0x00000000e0000000, 0x00000000fc980000, 0x0000000100000000)
  eden space 299520K, 0% used [0x00000000e0000000,0x00000000e0000000,0x00000000f2480000)
  from space 39424K, 99% used [0x00000000f2480000,0x00000000f4affba0,0x00000000f4b00000)
  to   space 48640K, 0% used [0x00000000f9a00000,0x00000000f9a00000,0x00000000fc980000)
 ParOldGen       total 284672K, used 163680K [0x00000000a0000000, 0x00000000b1600000, 0x00000000e0000000)
  object space 284672K, 57% used [0x00000000a0000000,0x00000000a9fd81b8,0x00000000b1600000)
 Metaspace       used 75145K, capacity 78346K, committed 78592K, reserved 1118208K
  class space    used 9859K, capacity 10645K, committed 10752K, reserved 1048576K
}
Event: 1313.672 GC heap before
{Heap before GC invocations=35 (full 5):
 PSYoungGen      total 338944K, used 338942K [0x00000000e0000000, 0x00000000fc980000, 0x0000000100000000)
  eden space 299520K, 100% used [0x00000000e0000000,0x00000000f2480000,0x00000000f2480000)
  from space 39424K, 99% used [0x00000000f2480000,0x00000000f4affba0,0x00000000f4b00000)
  to   space 48640K, 0% used [0x00000000f9a00000,0x00000000f9a00000,0x00000000fc980000)
 ParOldGen       total 284672K, used 163680K [0x00000000a0000000, 0x00000000b1600000, 0x00000000e0000000)
  object space 284672K, 57% used [0x00000000a0000000,0x00000000a9fd81b8,0x00000000b1600000)
 Metaspace       used 75152K, capacity 78346K, committed 78592K, reserved 1118208K
  class space    used 9859K, capacity 10645K, committed 10752K, reserved 1048576K
Event: 1313.855 GC heap after
Heap after GC invocations=35 (full 5):
 PSYoungGen      total 413696K, used 46812K [0x00000000e0000000, 0x00000000fd780000, 0x0000000100000000)
  eden space 365056K, 0% used [0x00000000e0000000,0x00000000e0000000,0x00000000f6480000)
  from space 48640K, 96% used [0x00000000f9a00000,0x00000000fc7b7030,0x00000000fc980000)
  to   space 54784K, 0% used [0x00000000f6480000,0x00000000f6480000,0x00000000f9a00000)
 ParOldGen       total 284672K, used 202725K [0x00000000a0000000, 0x00000000b1600000, 0x00000000e0000000)
  object space 284672K, 71% used [0x00000000a0000000,0x00000000ac5f97f0,0x00000000b1600000)
 Metaspace       used 75152K, capacity 78346K, committed 78592K, reserved 1118208K
  class space    used 9859K, capacity 10645K, committed 10752K, reserved 1048576K
}
Event: 1314.958 GC heap before
{Heap before GC invocations=36 (full 5):
 PSYoungGen      total 413696K, used 411868K [0x00000000e0000000, 0x00000000fd780000, 0x0000000100000000)
  eden space 365056K, 100% used [0x00000000e0000000,0x00000000f6480000,0x00000000f6480000)
  from space 48640K, 96% used [0x00000000f9a00000,0x00000000fc7b7030,0x00000000fc980000)
  to   space 54784K, 0% used [0x00000000f6480000,0x00000000f6480000,0x00000000f9a00000)
 ParOldGen       total 284672K, used 202725K [0x00000000a0000000, 0x00000000b1600000, 0x00000000e0000000)
  object space 284672K, 71% used [0x00000000a0000000,0x00000000ac5f97f0,0x00000000b1600000)
 Metaspace       used 75163K, capacity 78346K, committed 78592K, reserved 1118208K
  class space    used 9859K, capacity 10645K, committed 10752K, reserved 1048576K
Event: 1315.207 GC heap after
Heap after GC invocations=36 (full 5):
 PSYoungGen      total 419840K, used 52770K [0x00000000e0000000, 0x0000000100000000, 0x0000000100000000)
  eden space 365056K, 0% used [0x00000000e0000000,0x00000000e0000000,0x00000000f6480000)
  from space 54784K, 96% used [0x00000000f6480000,0x00000000f9808810,0x00000000f9a00000)
  to   space 61952K, 0% used [0x00000000fc380000,0x00000000fc380000,0x0000000100000000)
 ParOldGen       total 284672K, used 246000K [0x00000000a0000000, 0x00000000b1600000, 0x00000000e0000000)
  object space 284672K, 86% used [0x00000000a0000000,0x00000000af03c138,0x00000000b1600000)
 Metaspace       used 75163K, capacity 78346K, committed 78592K, reserved 1118208K
  class space    used 9859K, capacity 10645K, committed 10752K, reserved 1048576K
}
Event: 1315.207 GC heap before
{Heap before GC invocations=37 (full 6):
 PSYoungGen      total 419840K, used 52770K [0x00000000e0000000, 0x0000000100000000, 0x0000000100000000)
  eden space 365056K, 0% used [0x00000000e0000000,0x00000000e0000000,0x00000000f6480000)
  from space 54784K, 96% used [0x00000000f6480000,0x00000000f9808810,0x00000000f9a00000)
  to   space 61952K, 0% used [0x00000000fc380000,0x00000000fc380000,0x0000000100000000)
 ParOldGen       total 284672K, used 246000K [0x00000000a0000000, 0x00000000b1600000, 0x00000000e0000000)
  object space 284672K, 86% used [0x00000000a0000000,0x00000000af03c138,0x00000000b1600000)
 Metaspace       used 75163K, capacity 78346K, committed 78592K, reserved 1118208K
  class space    used 9859K, capacity 10645K, committed 10752K, reserved 1048576K
Event: 1316.888 GC heap after
Heap after GC invocations=37 (full 6):
 PSYoungGen      total 419840K, used 0K [0x00000000e0000000, 0x0000000100000000, 0x0000000100000000)
  eden space 365056K, 0% used [0x00000000e0000000,0x00000000e0000000,0x00000000f6480000)
  from space 54784K, 0% used [0x00000000f6480000,0x00000000f6480000,0x00000000f9a00000)
  to   space 61952K, 0% used [0x00000000fc380000,0x00000000fc380000,0x0000000100000000)
 ParOldGen       total 425472K, used 260503K [0x00000000a0000000, 0x00000000b9f80000, 0x00000000e0000000)
  object space 425472K, 61% used [0x00000000a0000000,0x00000000afe65fa0,0x00000000b9f80000)
 Metaspace       used 75163K, capacity 78346K, committed 78592K, reserved 1118208K
  class space    used 9859K, capacity 10645K, committed 10752K, reserved 1048576K
}
Event: 1318.883 GC heap before
{Heap before GC invocations=38 (full 6):
 PSYoungGen      total 419840K, used 365056K [0x00000000e0000000, 0x0000000100000000, 0x0000000100000000)
  eden space 365056K, 100% used [0x00000000e0000000,0x00000000f6480000,0x00000000f6480000)
  from space 54784K, 0% used [0x00000000f6480000,0x00000000f6480000,0x00000000f9a00000)
  to   space 61952K, 0% used [0x00000000fc380000,0x00000000fc380000,0x0000000100000000)
 ParOldGen       total 425472K, used 260503K [0x00000000a0000000, 0x00000000b9f80000, 0x00000000e0000000)
  object space 425472K, 61% used [0x00000000a0000000,0x00000000afe65fa0,0x00000000b9f80000)
 Metaspace       used 75175K, capacity 78346K, committed 78592K, reserved 1118208K
  class space    used 9859K, capacity 10645K, committed 10752K, reserved 1048576K
Event: 1319.131 GC heap after
Heap after GC invocations=38 (full 6):
 PSYoungGen      total 450048K, used 53010K [0x00000000e0000000, 0x0000000100000000, 0x0000000100000000)
  eden space 388096K, 0% used [0x00000000e0000000,0x00000000e0000000,0x00000000f7b00000)
  from space 61952K, 85% used [0x00000000fc380000,0x00000000ff744b98,0x0000000100000000)
  to   space 68096K, 0% used [0x00000000f7b00000,0x00000000f7b00000,0x00000000fbd80000)
 ParOldGen       total 425472K, used 260511K [0x00000000a0000000, 0x00000000b9f80000, 0x00000000e0000000)
  object space 425472K, 61% used [0x00000000a0000000,0x00000000afe67fa0,0x00000000b9f80000)
 Metaspace       used 75175K, capacity 78346K, committed 78592K, reserved 1118208K
  class space    used 9859K, capacity 10645K, committed 10752K, reserved 1048576K
}
Event: 1320.701 GC heap before
{Heap before GC invocations=39 (full 6):
 PSYoungGen      total 450048K, used 441106K [0x00000000e0000000, 0x0000000100000000, 0x0000000100000000)
  eden space 388096K, 100% used [0x00000000e0000000,0x00000000f7b00000,0x00000000f7b00000)
  from space 61952K, 85% used [0x00000000fc380000,0x00000000ff744b98,0x0000000100000000)
  to   space 68096K, 0% used [0x00000000f7b00000,0x00000000f7b00000,0x00000000fbd80000)
 ParOldGen       total 425472K, used 260511K [0x00000000a0000000, 0x00000000b9f80000, 0x00000000e0000000)
  object space 425472K, 61% used [0x00000000a0000000,0x00000000afe67fa0,0x00000000b9f80000)
 Metaspace       used 75179K, capacity 78346K, committed 78592K, reserved 1118208K
  class space    used 9860K, capacity 10645K, committed 10752K, reserved 1048576K

Deoptimization events (10 events):
Event: 1317.996 Thread 0x000000001ed3c000 Uncommon trap: reason=unstable_if action=reinterpret pc=0x00000000048d682c method=com.android.dx.ssa.SCCP.simulateMath(Lcom/android/dx/ssa/SsaInsn;I)Lcom/android/dx/rop/cst/Constant; @ 409
Event: 1318.138 Thread 0x000000001ed3b000 Uncommon trap: reason=bimorphic action=maybe_recompile pc=0x0000000004dab114 method=com.android.dx.cf.code.BytecodeArray.parseInstruction(ILcom/android/dx/cf/code/BytecodeArray$Visitor;)I @ 1067
Event: 1318.138 Thread 0x000000001ed3b000 Uncommon trap: reason=bimorphic action=maybe_recompile pc=0x0000000004dab114 method=com.android.dx.cf.code.BytecodeArray.parseInstruction(ILcom/android/dx/cf/code/BytecodeArray$Visitor;)I @ 1067
Event: 1319.455 Thread 0x000000001ed3c800 Uncommon trap: reason=bimorphic action=maybe_recompile pc=0x0000000004deb664 method=com.android.dx.cf.code.BytecodeArray.parseInstruction(ILcom/android/dx/cf/code/BytecodeArray$Visitor;)I @ 1477
Event: 1319.455 Thread 0x000000001ed3c800 Uncommon trap: reason=bimorphic action=maybe_recompile pc=0x0000000004deb664 method=com.android.dx.cf.code.BytecodeArray.parseInstruction(ILcom/android/dx/cf/code/BytecodeArray$Visitor;)I @ 1477
Event: 1319.579 Thread 0x000000001a91d000 Uncommon trap: reason=unstable_if action=reinterpret pc=0x000000000452ff18 method=com.android.dx.dex.file.ValueEncoder.addContents(Lcom/android/dx/dex/file/DexFile;Lcom/android/dx/rop/cst/Constant;)V @ 4
Event: 1320.121 Thread 0x000000001a91c000 Uncommon trap: reason=unstable_if action=reinterpret pc=0x000000000453a558 method=com.android.dx.ssa.LocalVariableExtractor.doit()Lcom/android/dx/ssa/LocalVariableInfo; @ 7
Event: 1320.122 Thread 0x000000001a91c000 Uncommon trap: reason=unstable_if action=reinterpret pc=0x0000000004ad1d7c method=com.android.dx.rop.code.RegisterSpecSet.<init>(I)V @ 2
Event: 1320.122 Thread 0x000000001a91c000 Uncommon trap: reason=unstable_if action=reinterpret pc=0x00000000041607a4 method=com.android.dx.rop.code.RegisterSpecSet.<init>(I)V @ 2
Event: 1320.396 Thread 0x000000001a91d000 Uncommon trap: reason=unstable_if action=reinterpret pc=0x00000000047dc560 method=java.util.TimSort.countRunAndMakeAscending([Ljava/lang/Object;IILjava/util/Comparator;)I @ 27

Internal exceptions (10 events):
Event: 1275.478 Thread 0x000000001ab3c000 Implicit null exception at 0x0000000003f4fc6c to 0x0000000003f511f1
Event: 1286.265 Thread 0x000000001ab3c000 Exception <a 'java/lang/NoSuchMethodError': <clinit>> (0x00000000e10efc98) thrown at [C:\src\android\AOSP-openjdk\external\jetbrains\jdk\hotspot\src\share\vm\prims\jni.cpp, line 1591]
Event: 1293.216 Thread 0x000000001ed34800 Implicit null exception at 0x00000000024d89da to 0x00000000024d8a7a
Event: 1296.754 Thread 0x000000001ed37800 Implicit null exception at 0x0000000004646ce4 to 0x000000000464814d
Event: 1301.173 Thread 0x000000001a91a000 Implicit null exception at 0x0000000004bcd3a0 to 0x0000000004bcebc1
Event: 1308.338 Thread 0x000000001ed3c000 Implicit null exception at 0x0000000004cf2a60 to 0x0000000004cfc585
Event: 1314.128 Thread 0x000000001a920800 Implicit null exception at 0x00000000049ff4a2 to 0x0000000004a009c1
Event: 1314.129 Thread 0x000000001a920800 Implicit null exception at 0x0000000004909980 to 0x000000000490a985
Event: 1314.129 Thread 0x000000001a920800 Implicit null exception at 0x00000000045b3eb5 to 0x00000000045b3fb5
Event: 1314.129 Thread 0x000000001a920800 Implicit null exception at 0x0000000004b1c76b to 0x0000000004b1d4fd

Events (10 events):
Event: 1320.122 Thread 0x000000001a91c000 DEOPT PACKING pc=0x00000000041607a4 sp=0x00000000228bedc0
Event: 1320.122 Thread 0x000000001a91c000 DEOPT UNPACKING pc=0x000000000221556a sp=0x00000000228becf0 mode 2
Event: 1320.320 Thread 0x000000001a91f000 DEOPT PACKING pc=0x0000000004d955ae sp=0x00000000230bec10
Event: 1320.320 Thread 0x000000001a91f000 DEOPT UNPACKING pc=0x00000000022171bf sp=0x00000000230be9f8 mode 0
Event: 1320.395 Thread 0x000000001a91d000 Uncommon trap: trap_request=0xffffff65 fr.pc=0x00000000047dc560
Event: 1320.396 Thread 0x000000001a91d000 DEOPT PACKING pc=0x00000000047dc560 sp=0x00000000220bea10
Event: 1320.396 Thread 0x000000001a91d000 DEOPT UNPACKING pc=0x000000000221556a sp=0x00000000220be968 mode 2
Event: 1320.576 Thread 0x000000001a91c000 DEOPT PACKING pc=0x0000000004d955ae sp=0x00000000228bf1a0
Event: 1320.576 Thread 0x000000001a91c000 DEOPT UNPACKING pc=0x00000000022171bf sp=0x00000000228bef88 mode 0
Event: 1320.668 Executing VM operation: ParallelGCFailedAllocation


Dynamic libraries:
0x00007ff657af0000 - 0x00007ff657b21000 	C:\Program Files\Android\Android Studio\jre\bin\java.exe
0x00007ffba2c90000 - 0x00007ffba2e3d000 	C:\WINDOWS\SYSTEM32\ntdll.dll
0x00007ffba1160000 - 0x00007ffba129e000 	C:\WINDOWS\system32\KERNEL32.DLL
0x00007ffba0070000 - 0x00007ffba0186000 	C:\WINDOWS\system32\KERNELBASE.dll
0x00007ffba0aa0000 - 0x00007ffba0b4a000 	C:\WINDOWS\system32\ADVAPI32.dll
0x00007ffba1320000 - 0x00007ffba1497000 	C:\WINDOWS\system32\USER32.dll
0x00007ffb9daf0000 - 0x00007ffb9dd6b000 	C:\WINDOWS\WinSxS\amd64_microsoft.windows.common-controls_6595b64144ccf1df_6.0.9600.18006_none_623f33d3ecbe86e8\COMCTL32.dll
0x00007ffba0f20000 - 0x00007ffba0fca000 	C:\WINDOWS\system32\msvcrt.dll
0x00007ffba0740000 - 0x00007ffba0799000 	C:\WINDOWS\SYSTEM32\sechost.dll
0x00007ffba1560000 - 0x00007ffba16a0000 	C:\WINDOWS\system32\RPCRT4.dll
0x00007ffba0dd0000 - 0x00007ffba0f1b000 	C:\WINDOWS\system32\GDI32.dll
0x00007ffba0240000 - 0x00007ffba026e000 	C:\WINDOWS\system32\SspiCli.dll
0x00007ffba09a0000 - 0x00007ffba09d6000 	C:\WINDOWS\system32\IMM32.DLL
0x00007ffba0fd0000 - 0x00007ffba1121000 	C:\WINDOWS\system32\MSCTF.dll
0x000000006b3e0000 - 0x000000006b4b2000 	C:\Program Files\Android\Android Studio\jre\jre\bin\msvcr100.dll
0x000000006b4c0000 - 0x000000006bcf4000 	C:\Program Files\Android\Android Studio\jre\jre\bin\server\jvm.dll
0x00007ffb99ea0000 - 0x00007ffb99ea9000 	C:\WINDOWS\SYSTEM32\WSOCK32.dll
0x00007ffb99f40000 - 0x00007ffb99f62000 	C:\WINDOWS\SYSTEM32\WINMM.dll
0x00007ffb9a580000 - 0x00007ffb9a58a000 	C:\WINDOWS\SYSTEM32\VERSION.dll
0x00007ffba0730000 - 0x00007ffba0737000 	C:\WINDOWS\system32\PSAPI.DLL
0x00007ffba0a40000 - 0x00007ffba0a9a000 	C:\WINDOWS\system32\WS2_32.dll
0x00007ffb99f10000 - 0x00007ffb99f3a000 	C:\WINDOWS\SYSTEM32\WINMMBASE.dll
0x00007ffba0720000 - 0x00007ffba0729000 	C:\WINDOWS\system32\NSI.dll
0x00007ffba0190000 - 0x00007ffba01df000 	C:\WINDOWS\SYSTEM32\cfgmgr32.dll
0x00007ffb9ec00000 - 0x00007ffb9ec28000 	C:\WINDOWS\SYSTEM32\DEVOBJ.dll
0x00007ffb9c530000 - 0x00007ffb9c53f000 	C:\Program Files\Android\Android Studio\jre\jre\bin\verify.dll
0x00007ffb831d0000 - 0x00007ffb831f9000 	C:\Program Files\Android\Android Studio\jre\jre\bin\java.dll
0x00007ffb9b2a0000 - 0x00007ffb9b2b6000 	C:\Program Files\Android\Android Studio\jre\jre\bin\zip.dll
0x00007ffba16a0000 - 0x00007ffba2bcc000 	C:\WINDOWS\system32\SHELL32.dll
0x00007ffba0500000 - 0x00007ffba0712000 	C:\WINDOWS\SYSTEM32\combase.dll
0x00007ffba09e0000 - 0x00007ffba0a34000 	C:\WINDOWS\system32\SHLWAPI.dll
0x00007ffb9df90000 - 0x00007ffb9e042000 	C:\WINDOWS\SYSTEM32\SHCORE.dll
0x00007ffb9fdc0000 - 0x00007ffb9fdd5000 	C:\WINDOWS\SYSTEM32\profapi.dll
0x00007ffb956f0000 - 0x00007ffb9570a000 	C:\Program Files\Android\Android Studio\jre\jre\bin\net.dll
0x00007ffb9f5f0000 - 0x00007ffb9f649000 	C:\WINDOWS\system32\mswsock.dll
0x00007ffb94ac0000 - 0x00007ffb94ad1000 	C:\Program Files\Android\Android Studio\jre\jre\bin\nio.dll
0x00007ffb957b0000 - 0x00007ffb957c2000 	C:\Users\Lara\.gradle\native\19\windows-amd64\native-platform.dll
0x00007ffb9f650000 - 0x00007ffb9f670000 	C:\WINDOWS\SYSTEM32\CRYPTSP.dll
0x00007ffb9f270000 - 0x00007ffb9f2a6000 	C:\WINDOWS\system32\rsaenh.dll
0x00007ffb9f8a0000 - 0x00007ffb9f8c6000 	C:\WINDOWS\SYSTEM32\bcrypt.dll
0x00007ffb9f380000 - 0x00007ffb9f3a1000 	C:\WINDOWS\SYSTEM32\USERENV.dll
0x00007ffb9fbc0000 - 0x00007ffb9fc23000 	C:\WINDOWS\system32\bcryptprimitives.dll
0x00007ffb9fc30000 - 0x00007ffb9fc3b000 	C:\WINDOWS\SYSTEM32\CRYPTBASE.dll
0x00007ffb9b9d0000 - 0x00007ffb9b9fa000 	C:\WINDOWS\SYSTEM32\IPHLPAPI.DLL
0x00007ffb9b9b0000 - 0x00007ffb9b9ba000 	C:\WINDOWS\SYSTEM32\WINNSI.DLL
0x00007ffb9b760000 - 0x00007ffb9b776000 	C:\WINDOWS\SYSTEM32\dhcpcsvc6.DLL
0x00007ffb9b740000 - 0x00007ffb9b75a000 	C:\WINDOWS\SYSTEM32\dhcpcsvc.DLL
0x00007ffb98ec0000 - 0x00007ffb98ecd000 	C:\Program Files\Android\Android Studio\jre\jre\bin\management.dll
0x00007ffb93fd0000 - 0x00007ffb94159000 	C:\WINDOWS\SYSTEM32\dbghelp.dll

VM Arguments:
jvm_args: -Xmx1536m -Dfile.encoding=windows-1252 -Duser.country=US -Duser.language=en -Duser.variant 
java_command: org.gradle.launcher.daemon.bootstrap.GradleDaemon 2.14.1
java_class_path (initial): C:\Users\Lara\.gradle\wrapper\dists\gradle-2.14.1-all\8bnwg5hd3w55iofp58khbp6yv\gradle-2.14.1\lib\gradle-launcher-2.14.1.jar
Launcher Type: SUN_STANDARD

Environment Variables:
PATH=C:\sqlite;C:\Program Files (x86)\GitExtensions\;C:\Users\Lara\.gradle\wrapper\dists\gradle-2.8-all\ah86jmo43de9lfa8xg9ux3c4h\gradle-2.8\samples\native-binaries\google-test\libs\googleTest\1.7.0\lib;C:\Users\Lara\AppData\Local\GitHubDesktop\bin
USERNAME=Lara
OS=Windows_NT
PROCESSOR_IDENTIFIER=Intel64 Family 6 Model 23 Stepping 10, GenuineIntel



---------------  S Y S T E M  ---------------

OS: Windows 8.1 , 64 bit Build 9600 (6.3.9600.17415)

CPU:total 4 (4 cores per cpu, 1 threads per core) family 6 model 23 stepping 10, cmov, cx8, fxsr, mmx, sse, sse2, sse3, ssse3, sse4.1, tsc

Memory: 4k page, physical 8387812k(2223304k free), swap 13368548k(5530588k free)

vm_info: OpenJDK 64-Bit Server VM (25.76-b03) for windows-amd64 JRE (1.8.0_76-release-b03), built on Jun 29 2016 19:09:20 by "ralucas" with MS VC++ 10.0 (VS2010)

time: Thu Jun 21 11:48:01 2018
elapsed time: 1321 seconds (0d 0h 22m 1s)

