#
# A fatal error has been detected by the Java Runtime Environment:
#
#  EXCEPTION_ACCESS_VIOLATION (0xc0000005) at pc=0x0000000007b7b525, pid=2248, tid=0x0000000000001e14
#
# JRE version: OpenJDK Runtime Environment (8.0_76-b03) (build 1.8.0_76-release-b03)
# Java VM: OpenJDK 64-Bit Server VM (25.76-b03 mixed mode windows-amd64 compressed oops)
# Problematic frame:
# J 27695 C2 com.android.dx.dex.code.OutputFinisher.addConstants(Ljava/util/HashSet;Lcom/android/dx/dex/code/DalvInsn;)V (93 bytes) @ 0x0000000007b7b525 [0x0000000007b7aaa0+0xa85]
#
# Failed to write core dump. Minidumps are not enabled by default on client versions of Windows
#
# If you would like to submit a bug report, please visit:
#   http://bugreport.java.com/bugreport/crash.jsp
#

---------------  T H R E A D  ---------------

Current thread (0x000000001d540800):  JavaThread "pool-200-thread-1" [_thread_in_Java, id=7700, stack(0x000000001ab80000,0x000000001ac80000)]

siginfo: ExceptionCode=0xc0000005, reading address 0x0000000000800014

Registers:
RAX=0x00000000b132be10, RBX=0x000000010002a140, RCX=0x0000000100ddba68, RDX=0x0000000000800000
RSP=0x000000001ac7e960, RBP=0x00000000b132bdf8, RSI=0x0000000000000000, RDI=0x0000000000000003
R8 =0x00000000b132bdf8, R9 =0x0000000000000007, R10=0x0000000000000007, R11=0x000000010001b778
R12=0x0000000000000000, R13=0x0000000100ddba68, R14=0x00000000b132bdf8, R15=0x000000001d540800
RIP=0x0000000007b7b525, EFLAGS=0x0000000000010206

Top of Stack: (sp=0x000000001ac7e960)
0x000000001ac7e960:   00000000ed1ef9f8 00000000b09706a0
0x000000001ac7e970:   00000000ed1ef9f8 ed1efad800000001
0x000000001ac7e980:   00000000ed1ef9e8 00000000ed1efad8
0x000000001ac7e990:   00000000afd6ea08 00000000b0971298
0x000000001ac7e9a0:   a6883b38afd8bb38 0000000000000000
0x000000001ac7e9b0:   00000000ed1ef9e8 000000010002a140
0x000000001ac7e9c0:   00000000a6883b38 00000000afad5a88
0x000000001ac7e9d0:   0000000000000003 00000000a8229600
0x000000001ac7e9e0:   00000000b132bdd8 00000000078df368
0x000000001ac7e9f0:   e95a3ec0e95a3ea8 00000000ec849910
0x000000001ac7ea00:   0000000000000003 0000000000000000
0x000000001ac7ea10:   0000000100048228 0000000100000000
0x000000001ac7ea20:   00000000ed1ef9e8 0000023db0c060f8
0x000000001ac7ea30:   00000001000e4108 00000001000487e8
0x000000001ac7ea40:   0000000100128c00 000000f2000002d9
0x000000001ac7ea50:   00000000afd6ea08 00000000b0c060f8 

Instructions: (pc=0x0000000007b7b525)
0x0000000007b7b505:   ff ff 49 8b e8 33 f6 44 8b 48 0c 41 3b f1 0f 83
0x0000000007b7b515:   2a 3f 00 00 8b 54 b0 10 85 d2 0f 84 cc fe ff ff
0x0000000007b7b525:   44 8b 52 14 45 8b 4a 10 44 89 4c 24 3c 89 74 24
0x0000000007b7b535:   38 48 89 6c 24 30 89 7c 24 2c 44 89 44 24 28 48 


Register to memory mapping:

RAX=0x00000000b132be10 is an oop
[Lcom.android.dx.rop.code.RegisterSpec; 
 - klass: 'com/android/dx/rop/code/RegisterSpec'[]
 - length: 7
RBX=0x000000010002a140 is pointing into metadata
RCX=0x0000000100ddba68 is pointing into metadata
RDX=0x0000000000800000 is an unknown value
RSP=0x000000001ac7e960 is pointing into the stack for thread: 0x000000001d540800
RBP=0x00000000b132bdf8 is an oop
com.android.dx.rop.code.RegisterSpecSet 
 - klass: 'com/android/dx/rop/code/RegisterSpecSet'
RSI=0x0000000000000000 is an unknown value
RDI=0x0000000000000003 is an unknown value
R8 =0x00000000b132bdf8 is an oop
com.android.dx.rop.code.RegisterSpecSet 
 - klass: 'com/android/dx/rop/code/RegisterSpecSet'
R9 =0x0000000000000007 is an unknown value
R10=0x0000000000000007 is an unknown value
R11=0x000000010001b778 is pointing into metadata
R12=0x0000000000000000 is an unknown value
R13=0x0000000100ddba68 is pointing into metadata
R14=0x00000000b132bdf8 is an oop
com.android.dx.rop.code.RegisterSpecSet 
 - klass: 'com/android/dx/rop/code/RegisterSpecSet'
R15=0x000000001d540800 is a thread


Stack: [0x000000001ab80000,0x000000001ac80000],  sp=0x000000001ac7e960,  free space=1018k
Native frames: (J=compiled Java code, j=interpreted, Vv=VM code, C=native code)
C  0x0000000007b7b525


---------------  P R O C E S S  ---------------

Java Threads: ( => current thread )
=>0x000000001d540800 JavaThread "pool-200-thread-1" [_thread_in_Java, id=7700, stack(0x000000001ab80000,0x000000001ac80000)]
  0x000000001d53d000 JavaThread "pool-25-thread-3" [_thread_blocked, id=8264, stack(0x000000002de70000,0x000000002df70000)]
  0x000000001d53f000 JavaThread "pool-25-thread-4" [_thread_blocked, id=8260, stack(0x000000002dd70000,0x000000002de70000)]
  0x000000001d540000 JavaThread "pool-25-thread-2" [_thread_blocked, id=8256, stack(0x000000002dc70000,0x000000002dd70000)]
  0x000000001d53e800 JavaThread "pool-25-thread-1" [_thread_blocked, id=8252, stack(0x000000002a1a0000,0x000000002a2a0000)]
  0x000000001d53d800 JavaThread "pool-23-thread-4" [_thread_blocked, id=8248, stack(0x00000000286a0000,0x00000000287a0000)]
  0x000000001d53c000 JavaThread "pool-23-thread-3" [_thread_blocked, id=8244, stack(0x00000000256a0000,0x00000000257a0000)]
  0x000000001d537000 JavaThread "pool-23-thread-2" [_thread_blocked, id=8240, stack(0x0000000020ef0000,0x0000000020ff0000)]
  0x000000001d537800 JavaThread "pool-23-thread-1" [_thread_blocked, id=8236, stack(0x000000001e2f0000,0x000000001e3f0000)]
  0x000000001ce16000 JavaThread "Asynchronous log dispatcher for org.gradle.launcher.daemon.server.DefaultDaemonConnection@19ba80f" [_thread_blocked, id=7180, stack(0x000000001aa80000,0x000000001ab80000)]
  0x000000001ce10000 JavaThread "Daemon worker Thread 11" [_thread_blocked, id=1584, stack(0x000000001a980000,0x000000001aa80000)]
  0x000000001ce12800 JavaThread "Cancel handler" [_thread_blocked, id=7840, stack(0x000000001a880000,0x000000001a980000)]
  0x000000001ce0f800 JavaThread "Handler for socket connection from /127.0.0.1:49551 to /127.0.0.1:50446" [_thread_in_native, id=7564, stack(0x000000001a780000,0x000000001a880000)]
  0x000000001ce11800 JavaThread "Daemon Thread 11" [_thread_blocked, id=6200, stack(0x000000001a680000,0x000000001a780000)]
  0x000000001d533000 JavaThread "stdout" daemon [_thread_in_native, id=7512, stack(0x000000002c3a0000,0x000000002c4a0000)]
  0x000000001d536000 JavaThread "stderr" daemon [_thread_in_native, id=7508, stack(0x000000002c2a0000,0x000000002c3a0000)]
  0x000000001d535800 JavaThread "stdout" daemon [_thread_in_native, id=7488, stack(0x000000002c1a0000,0x000000002c2a0000)]
  0x000000001d534800 JavaThread "stderr" daemon [_thread_in_native, id=7484, stack(0x000000002c0a0000,0x000000002c1a0000)]
  0x000000001d534000 JavaThread "stdout" daemon [_thread_in_native, id=7452, stack(0x000000002bfa0000,0x000000002c0a0000)]
  0x000000001d532800 JavaThread "stderr" daemon [_thread_in_native, id=7448, stack(0x000000002bea0000,0x000000002bfa0000)]
  0x000000001bb1b800 JavaThread "stdout" daemon [_thread_in_native, id=7424, stack(0x000000002bda0000,0x000000002bea0000)]
  0x000000001bb1e800 JavaThread "stderr" daemon [_thread_in_native, id=7420, stack(0x000000002bca0000,0x000000002bda0000)]
  0x000000001bb1e000 JavaThread "stdout" daemon [_thread_in_native, id=7392, stack(0x000000002bba0000,0x000000002bca0000)]
  0x000000001bb1c800 JavaThread "stderr" daemon [_thread_in_native, id=7388, stack(0x000000002baa0000,0x000000002bba0000)]
  0x000000001bb1d000 JavaThread "stdout" daemon [_thread_in_native, id=7364, stack(0x000000002b9a0000,0x000000002baa0000)]
  0x000000001bb17800 JavaThread "stderr" daemon [_thread_in_native, id=7360, stack(0x000000002b8a0000,0x000000002b9a0000)]
  0x000000001bb1b000 JavaThread "stdout" daemon [_thread_in_native, id=7336, stack(0x000000002b7a0000,0x000000002b8a0000)]
  0x000000001bb1a000 JavaThread "stderr" daemon [_thread_in_native, id=7332, stack(0x000000002b6a0000,0x000000002b7a0000)]
  0x000000001bb18800 JavaThread "stdout" daemon [_thread_in_native, id=7308, stack(0x000000002b5a0000,0x000000002b6a0000)]
  0x000000001bb19800 JavaThread "stderr" daemon [_thread_in_native, id=7304, stack(0x000000002b4a0000,0x000000002b5a0000)]
  0x000000001bde7000 JavaThread "stdout" daemon [_thread_in_native, id=7280, stack(0x000000002b3a0000,0x000000002b4a0000)]
  0x000000001bde8000 JavaThread "stderr" daemon [_thread_in_native, id=7276, stack(0x000000002b2a0000,0x000000002b3a0000)]
  0x000000001bde6800 JavaThread "stdout" daemon [_thread_in_native, id=7252, stack(0x000000002b1a0000,0x000000002b2a0000)]
  0x000000001bde2800 JavaThread "stderr" daemon [_thread_in_native, id=7248, stack(0x000000002b0a0000,0x000000002b1a0000)]
  0x000000001bde5800 JavaThread "stdout" daemon [_thread_in_native, id=7232, stack(0x000000002afa0000,0x000000002b0a0000)]
  0x000000001bde2000 JavaThread "stderr" daemon [_thread_in_native, id=7228, stack(0x000000002aea0000,0x000000002afa0000)]
  0x000000001bde5000 JavaThread "stdout" daemon [_thread_in_native, id=7188, stack(0x000000002ada0000,0x000000002aea0000)]
  0x000000001bde4000 JavaThread "stderr" daemon [_thread_in_native, id=7184, stack(0x000000002aca0000,0x000000002ada0000)]
  0x000000001bde1000 JavaThread "stdout" daemon [_thread_in_native, id=6848, stack(0x000000002aba0000,0x000000002aca0000)]
  0x000000001bde3800 JavaThread "stderr" daemon [_thread_in_native, id=6012, stack(0x000000002aaa0000,0x000000002aba0000)]
  0x0000000019c20800 JavaThread "stdout" daemon [_thread_in_native, id=6728, stack(0x000000002a9a0000,0x000000002aaa0000)]
  0x0000000019c1f800 JavaThread "stderr" daemon [_thread_in_native, id=1996, stack(0x000000002a8a0000,0x000000002a9a0000)]
  0x0000000019c1f000 JavaThread "stdout" daemon [_thread_in_native, id=6152, stack(0x000000002a7a0000,0x000000002a8a0000)]
  0x0000000019c1e000 JavaThread "stderr" daemon [_thread_in_native, id=6424, stack(0x000000002a6a0000,0x000000002a7a0000)]
  0x0000000019c1d800 JavaThread "stdout" daemon [_thread_in_native, id=2728, stack(0x000000002a5a0000,0x000000002a6a0000)]
  0x0000000019c1c800 JavaThread "stderr" daemon [_thread_in_native, id=3760, stack(0x000000002a4a0000,0x000000002a5a0000)]
  0x0000000019c1c000 JavaThread "stdout" daemon [_thread_in_native, id=372, stack(0x000000002a3a0000,0x000000002a4a0000)]
  0x0000000019c18800 JavaThread "stderr" daemon [_thread_in_native, id=1828, stack(0x000000002a2a0000,0x000000002a3a0000)]
  0x0000000019c1b000 JavaThread "stdout" daemon [_thread_in_native, id=2120, stack(0x000000002a0a0000,0x000000002a1a0000)]
  0x0000000019c17000 JavaThread "stderr" daemon [_thread_in_native, id=6116, stack(0x0000000029fa0000,0x000000002a0a0000)]
  0x0000000019c18000 JavaThread "stdout" daemon [_thread_in_native, id=6916, stack(0x0000000029ea0000,0x0000000029fa0000)]
  0x0000000019c1a800 JavaThread "stderr" daemon [_thread_in_native, id=6344, stack(0x0000000029da0000,0x0000000029ea0000)]
  0x0000000019c16800 JavaThread "stdout" daemon [_thread_in_native, id=3080, stack(0x0000000029ca0000,0x0000000029da0000)]
  0x0000000019c12800 JavaThread "stderr" daemon [_thread_in_native, id=5644, stack(0x0000000029ba0000,0x0000000029ca0000)]
  0x0000000019c15000 JavaThread "png-cruncher_20" daemon [_thread_blocked, id=3200, stack(0x0000000029aa0000,0x0000000029ba0000)]
  0x0000000019c14000 JavaThread "png-cruncher_19" daemon [_thread_blocked, id=1352, stack(0x00000000299a0000,0x0000000029aa0000)]
  0x0000000019c13800 JavaThread "png-cruncher_18" daemon [_thread_blocked, id=6448, stack(0x00000000298a0000,0x00000000299a0000)]
  0x0000000019c15800 JavaThread "png-cruncher_17" daemon [_thread_blocked, id=3844, stack(0x00000000297a0000,0x00000000298a0000)]
  0x0000000019c12000 JavaThread "png-cruncher_16" daemon [_thread_blocked, id=6024, stack(0x00000000296a0000,0x00000000297a0000)]
  0x0000000019c11000 JavaThread "png-cruncher_15" daemon [_thread_blocked, id=1692, stack(0x00000000295a0000,0x00000000296a0000)]
  0x000000001b29d000 JavaThread "png-cruncher_14" daemon [_thread_blocked, id=6720, stack(0x00000000294a0000,0x00000000295a0000)]
  0x0000000019bd9800 JavaThread "png-cruncher_13" daemon [_thread_blocked, id=2020, stack(0x00000000293a0000,0x00000000294a0000)]
  0x0000000019bdc800 JavaThread "png-cruncher_12" daemon [_thread_blocked, id=2856, stack(0x00000000292a0000,0x00000000293a0000)]
  0x0000000019172000 JavaThread "png-cruncher_11" daemon [_thread_blocked, id=6360, stack(0x00000000291a0000,0x00000000292a0000)]
  0x000000001916d800 JavaThread "png-cruncher_10" daemon [_thread_blocked, id=5368, stack(0x00000000290a0000,0x00000000291a0000)]
  0x000000001916c800 JavaThread "png-cruncher_9" daemon [_thread_blocked, id=1020, stack(0x0000000028fa0000,0x00000000290a0000)]
  0x000000001916f800 JavaThread "png-cruncher_8" daemon [_thread_blocked, id=6896, stack(0x0000000028ea0000,0x0000000028fa0000)]
  0x000000001ce1d000 JavaThread "png-cruncher_7" daemon [_thread_blocked, id=1228, stack(0x0000000028da0000,0x0000000028ea0000)]
  0x000000001ce1c000 JavaThread "png-cruncher_6" daemon [_thread_blocked, id=3432, stack(0x0000000028ca0000,0x0000000028da0000)]
  0x000000001ce1d800 JavaThread "png-cruncher_5" daemon [_thread_blocked, id=5996, stack(0x0000000028ba0000,0x0000000028ca0000)]
  0x000000001ce1b800 JavaThread "png-cruncher_4" daemon [_thread_blocked, id=5328, stack(0x0000000028aa0000,0x0000000028ba0000)]
  0x000000001ce1a800 JavaThread "png-cruncher_3" daemon [_thread_blocked, id=2760, stack(0x00000000289a0000,0x0000000028aa0000)]
  0x000000001ce17000 JavaThread "png-cruncher_2" daemon [_thread_blocked, id=2440, stack(0x00000000288a0000,0x00000000289a0000)]
  0x000000001ce1a000 JavaThread "png-cruncher_1" daemon [_thread_blocked, id=2908, stack(0x00000000287a0000,0x00000000288a0000)]
  0x0000000018876800 JavaThread "stdout" daemon [_thread_in_native, id=2868, stack(0x00000000279a0000,0x0000000027aa0000)]
  0x0000000018879800 JavaThread "stderr" daemon [_thread_in_native, id=7016, stack(0x00000000278a0000,0x00000000279a0000)]
  0x0000000018878000 JavaThread "stdout" daemon [_thread_in_native, id=6552, stack(0x00000000277a0000,0x00000000278a0000)]
  0x0000000018874000 JavaThread "stderr" daemon [_thread_in_native, id=3420, stack(0x00000000276a0000,0x00000000277a0000)]
  0x0000000018875800 JavaThread "stdout" daemon [_thread_in_native, id=6956, stack(0x00000000275a0000,0x00000000276a0000)]
  0x0000000018877000 JavaThread "stderr" daemon [_thread_in_native, id=6444, stack(0x00000000274a0000,0x00000000275a0000)]
  0x0000000018875000 JavaThread "stdout" daemon [_thread_in_native, id=6704, stack(0x00000000273a0000,0x00000000274a0000)]
  0x0000000018873800 JavaThread "stderr" daemon [_thread_in_native, id=6396, stack(0x00000000272a0000,0x00000000273a0000)]
  0x000000001886f800 JavaThread "stdout" daemon [_thread_in_native, id=6688, stack(0x00000000271a0000,0x00000000272a0000)]
  0x0000000018871000 JavaThread "stderr" daemon [_thread_in_native, id=7144, stack(0x00000000270a0000,0x00000000271a0000)]
  0x0000000018872800 JavaThread "stdout" daemon [_thread_in_native, id=2944, stack(0x0000000026fa0000,0x00000000270a0000)]
  0x0000000018872000 JavaThread "stderr" daemon [_thread_in_native, id=2992, stack(0x0000000026ea0000,0x0000000026fa0000)]
  0x000000001886f000 JavaThread "stdout" daemon [_thread_in_native, id=6564, stack(0x0000000026da0000,0x0000000026ea0000)]
  0x0000000018870800 JavaThread "stderr" daemon [_thread_in_native, id=7020, stack(0x0000000026ca0000,0x0000000026da0000)]
  0x000000001886b000 JavaThread "stdout" daemon [_thread_in_native, id=6928, stack(0x0000000026ba0000,0x0000000026ca0000)]
  0x000000001886e000 JavaThread "stderr" daemon [_thread_in_native, id=3236, stack(0x0000000026aa0000,0x0000000026ba0000)]
  0x000000001886a800 JavaThread "stdout" daemon [_thread_in_native, id=7072, stack(0x00000000269a0000,0x0000000026aa0000)]
  0x000000001886c800 JavaThread "stderr" daemon [_thread_in_native, id=7084, stack(0x00000000268a0000,0x00000000269a0000)]
  0x000000001886d800 JavaThread "stdout" daemon [_thread_in_native, id=7076, stack(0x00000000267a0000,0x00000000268a0000)]
  0x000000001886c000 JavaThread "stderr" daemon [_thread_in_native, id=5388, stack(0x00000000266a0000,0x00000000267a0000)]
  0x000000001b2a7800 JavaThread "stdout" daemon [_thread_in_native, id=3436, stack(0x00000000264a0000,0x00000000265a0000)]
  0x000000001b2a6000 JavaThread "stderr" daemon [_thread_in_native, id=5312, stack(0x00000000263a0000,0x00000000264a0000)]
  0x000000001b2a6800 JavaThread "stdout" daemon [_thread_in_native, id=6120, stack(0x00000000262a0000,0x00000000263a0000)]
  0x000000001b2a2000 JavaThread "stderr" daemon [_thread_in_native, id=6968, stack(0x00000000261a0000,0x00000000262a0000)]
  0x000000001b2a5000 JavaThread "stdout" daemon [_thread_in_native, id=7004, stack(0x00000000260a0000,0x00000000261a0000)]
  0x000000001b2a4800 JavaThread "stderr" daemon [_thread_in_native, id=6992, stack(0x0000000025fa0000,0x00000000260a0000)]
  0x000000001b2a1800 JavaThread "stdout" daemon [_thread_in_native, id=6832, stack(0x0000000025ea0000,0x0000000025fa0000)]
  0x000000001b2a3800 JavaThread "stderr" daemon [_thread_in_native, id=6512, stack(0x0000000025da0000,0x0000000025ea0000)]
  0x000000001b2a3000 JavaThread "stdout" daemon [_thread_in_native, id=6352, stack(0x0000000025ca0000,0x0000000025da0000)]
  0x000000001b29d800 JavaThread "stderr" daemon [_thread_in_native, id=6840, stack(0x0000000025ba0000,0x0000000025ca0000)]
  0x000000001b2a0800 JavaThread "stdout" daemon [_thread_in_native, id=6348, stack(0x0000000025aa0000,0x0000000025ba0000)]
  0x000000001b2a0000 JavaThread "stderr" daemon [_thread_in_native, id=6412, stack(0x00000000259a0000,0x0000000025aa0000)]
  0x000000001b29f000 JavaThread "stdout" daemon [_thread_in_native, id=6800, stack(0x00000000258a0000,0x00000000259a0000)]
  0x000000001b29e800 JavaThread "stderr" daemon [_thread_in_native, id=4032, stack(0x00000000257a0000,0x00000000258a0000)]
  0x000000001b29a000 JavaThread "stdout" daemon [_thread_in_native, id=6784, stack(0x00000000255a0000,0x00000000256a0000)]
  0x000000001b29c000 JavaThread "stderr" daemon [_thread_in_native, id=6600, stack(0x00000000254a0000,0x00000000255a0000)]
  0x000000001b299000 JavaThread "stdout" daemon [_thread_in_native, id=6644, stack(0x00000000253a0000,0x00000000254a0000)]
  0x000000001b29b800 JavaThread "stderr" daemon [_thread_in_native, id=6660, stack(0x00000000252a0000,0x00000000253a0000)]
  0x000000001b298800 JavaThread "stdout" daemon [_thread_in_native, id=6596, stack(0x00000000251a0000,0x00000000252a0000)]
  0x000000001b29a800 JavaThread "stderr" daemon [_thread_in_native, id=6608, stack(0x00000000250a0000,0x00000000251a0000)]
  0x000000001bee2000 JavaThread "png-cruncher_20" daemon [_thread_blocked, id=2348, stack(0x0000000024fa0000,0x00000000250a0000)]
  0x000000001bee1000 JavaThread "png-cruncher_19" daemon [_thread_blocked, id=6432, stack(0x0000000024ea0000,0x0000000024fa0000)]
  0x000000001bedd800 JavaThread "png-cruncher_18" daemon [_thread_blocked, id=2684, stack(0x0000000024da0000,0x0000000024ea0000)]
  0x000000001bee0800 JavaThread "png-cruncher_17" daemon [_thread_blocked, id=6580, stack(0x0000000024ca0000,0x0000000024da0000)]
  0x000000001bede000 JavaThread "png-cruncher_16" daemon [_thread_blocked, id=6416, stack(0x0000000024ba0000,0x0000000024ca0000)]
  0x000000001bedc800 JavaThread "png-cruncher_15" daemon [_thread_blocked, id=5064, stack(0x00000000249a0000,0x0000000024aa0000)]
  0x000000001bedf800 JavaThread "png-cruncher_14" daemon [_thread_blocked, id=6772, stack(0x00000000248a0000,0x00000000249a0000)]
  0x000000001bedf000 JavaThread "png-cruncher_13" daemon [_thread_blocked, id=2784, stack(0x00000000247a0000,0x00000000248a0000)]
  0x000000001bed9000 JavaThread "png-cruncher_12" daemon [_thread_blocked, id=5176, stack(0x00000000246a0000,0x00000000247a0000)]
  0x000000001bedc000 JavaThread "png-cruncher_11" daemon [_thread_blocked, id=6724, stack(0x00000000245a0000,0x00000000246a0000)]
  0x000000001bedb000 JavaThread "png-cruncher_10" daemon [_thread_blocked, id=5808, stack(0x00000000244a0000,0x00000000245a0000)]
  0x000000001bed7800 JavaThread "png-cruncher_9" daemon [_thread_blocked, id=2464, stack(0x00000000243a0000,0x00000000244a0000)]
  0x000000001bed8000 JavaThread "png-cruncher_8" daemon [_thread_blocked, id=2284, stack(0x00000000242a0000,0x00000000243a0000)]
  0x000000001beda800 JavaThread "png-cruncher_7" daemon [_thread_blocked, id=2688, stack(0x00000000241a0000,0x00000000242a0000)]
  0x000000001bed9800 JavaThread "png-cruncher_6" daemon [_thread_blocked, id=196, stack(0x00000000240a0000,0x00000000241a0000)]
  0x000000001bed5000 JavaThread "png-cruncher_5" daemon [_thread_blocked, id=1696, stack(0x0000000023fa0000,0x00000000240a0000)]
  0x000000001bed4800 JavaThread "png-cruncher_4" daemon [_thread_blocked, id=6408, stack(0x0000000023ea0000,0x0000000023fa0000)]
  0x000000001bed6800 JavaThread "png-cruncher_3" daemon [_thread_blocked, id=3948, stack(0x0000000023da0000,0x0000000023ea0000)]
  0x000000001bed3800 JavaThread "png-cruncher_2" daemon [_thread_blocked, id=2624, stack(0x0000000023ca0000,0x0000000023da0000)]
  0x000000001bed3000 JavaThread "png-cruncher_1" daemon [_thread_blocked, id=6356, stack(0x0000000023ba0000,0x0000000023ca0000)]
  0x000000001942a800 JavaThread "File lock request listener" [_thread_in_native, id=2276, stack(0x000000001d220000,0x000000001d320000)]
  0x0000000019296800 JavaThread "pool-1-thread-1" [_thread_blocked, id=784, stack(0x000000001a580000,0x000000001a680000)]
  0x000000001919f000 JavaThread "Incoming local TCP Connector on port 49551" [_thread_in_native, id=2824, stack(0x0000000018e60000,0x0000000018f60000)]
  0x000000001685d000 JavaThread "Service Thread" daemon [_thread_blocked, id=1704, stack(0x0000000018460000,0x0000000018560000)]
  0x0000000017e69000 JavaThread "C1 CompilerThread2" daemon [_thread_blocked, id=2864, stack(0x0000000018360000,0x0000000018460000)]
  0x00000000167fe800 JavaThread "C2 CompilerThread1" daemon [_thread_blocked, id=3988, stack(0x0000000018260000,0x0000000018360000)]
  0x00000000167fa800 JavaThread "C2 CompilerThread0" daemon [_thread_blocked, id=2316, stack(0x0000000017d60000,0x0000000017e60000)]
  0x00000000167f9000 JavaThread "Attach Listener" daemon [_thread_blocked, id=1744, stack(0x0000000017c60000,0x0000000017d60000)]
  0x00000000167f7800 JavaThread "Signal Dispatcher" daemon [_thread_blocked, id=1156, stack(0x0000000017b60000,0x0000000017c60000)]
  0x00000000167e8800 JavaThread "Finalizer" daemon [_thread_blocked, id=5184, stack(0x0000000017a60000,0x0000000017b60000)]
  0x0000000002d7f800 JavaThread "Reference Handler" daemon [_thread_blocked, id=308, stack(0x0000000017960000,0x0000000017a60000)]
  0x0000000002c90800 JavaThread "main" [_thread_blocked, id=1872, stack(0x0000000002af0000,0x0000000002bf0000)]

Other Threads:
  0x00000000167c5000 VMThread [stack: 0x0000000017860000,0x0000000017960000] [id=208]
  0x0000000017e6c000 WatcherThread [stack: 0x0000000018560000,0x0000000018660000] [id=2940]

VM state:synchronizing (normal execution)

VM Mutex/Monitor currently owned by a thread:  ([mutex/lock_event])
[0x0000000002e8c520] Safepoint_lock - owner thread: 0x00000000167c5000
[0x0000000002e8c620] Threads_lock - owner thread: 0x00000000167c5000

Heap:
 PSYoungGen      total 403968K, used 283386K [0x00000000e0000000, 0x00000000ffe80000, 0x0000000100000000)
  eden space 297472K, 95% used [0x00000000e0000000,0x00000000f14a6b40,0x00000000f2280000)
  from space 106496K, 0% used [0x00000000f8c80000,0x00000000f8c98000,0x00000000ff480000)
  to   space 108544K, 0% used [0x00000000f2280000,0x00000000f2280000,0x00000000f8c80000)
 ParOldGen       total 423424K, used 291775K [0x00000000a0000000, 0x00000000b9d80000, 0x00000000e0000000)
  object space 423424K, 68% used [0x00000000a0000000,0x00000000b1cefe50,0x00000000b9d80000)
 Metaspace       used 90940K, capacity 100188K, committed 106624K, reserved 1140736K
  class space    used 11617K, capacity 13237K, committed 14720K, reserved 1048576K

Card table byte_map: [0x0000000012250000,0x0000000012560000] byte_map_base: 0x0000000011d50000

Marking Bits: (ParMarkBitMap*) 0x000000006bc79d00
 Begin Bits: [0x0000000012b60000, 0x0000000014360000)
 End Bits:   [0x0000000014360000, 0x0000000015b60000)

Polling page: 0x0000000001270000

CodeCache: size=245760Kb used=85128Kb max_used=85132Kb free=160631Kb
 bounds [0x0000000002e90000, 0x0000000008270000, 0x0000000011e90000]
 total_blobs=22166 nmethods=21358 adapters=719
 compilation: enabled

Compilation events (10 events):
Event: 3070.874 Thread 0x00000000167fa800 29544       4       com.android.dx.dex.file.DebugInfoEncoder::emitHeader (530 bytes)
Event: 3070.901 Thread 0x00000000167fe800 29545       4       com.android.dx.dex.file.ValueEncoder::<init> (43 bytes)
Event: 3070.902 Thread 0x00000000167fe800 nmethod 29545 0x000000000670cc50 code [0x000000000670cd80, 0x000000000670ce38]
Event: 3070.974 Thread 0x00000000167fa800 nmethod 29544 0x000000000825eb50 code [0x000000000825ede0, 0x0000000008260480]
Event: 3071.066 Thread 0x0000000017e69000 29546       3       com.android.dx.dex.file.Section::getFileOffset (22 bytes)
Event: 3071.067 Thread 0x0000000017e69000 nmethod 29546 0x0000000007a7e450 code [0x0000000007a7e5c0, 0x0000000007a7e808]
Event: 3071.098 Thread 0x00000000167fe800 29547       4       java.nio.charset.CharsetEncoder::<init> (113 bytes)
Event: 3071.103 Thread 0x00000000167fe800 nmethod 29547 0x0000000007d97d90 code [0x0000000007d97f00, 0x0000000007d982d8]
Event: 3071.153 Thread 0x0000000017e69000 29548   !   3       java.util.Formatter$FormatSpecifier::precision (63 bytes)
Event: 3071.154 Thread 0x0000000017e69000 nmethod 29548 0x00000000078a3ad0 code [0x00000000078a3c80, 0x00000000078a4088]

GC Heap History (10 events):
Event: 3066.920 GC heap before
{Heap before GC invocations=94 (full 17):
 PSYoungGen      total 390144K, used 286333K [0x00000000e0000000, 0x00000000ff600000, 0x0000000100000000)
  eden space 265216K, 100% used [0x00000000e0000000,0x00000000f0300000,0x00000000f0300000)
  from space 124928K, 16% used [0x00000000f7c00000,0x00000000f909f400,0x00000000ff600000)
  to   space 123904K, 0% used [0x00000000f0300000,0x00000000f0300000,0x00000000f7c00000)
 ParOldGen       total 465920K, used 402599K [0x00000000a0000000, 0x00000000bc700000, 0x00000000e0000000)
  object space 465920K, 86% used [0x00000000a0000000,0x00000000b8929f88,0x00000000bc700000)
 Metaspace       used 90937K, capacity 100188K, committed 106624K, reserved 1140736K
  class space    used 11617K, capacity 13237K, committed 14720K, reserved 1048576K
Event: 3067.055 GC heap after
Heap after GC invocations=94 (full 17):
 PSYoungGen      total 389120K, used 37562K [0x00000000e0000000, 0x00000000ff400000, 0x0000000100000000)
  eden space 265216K, 0% used [0x00000000e0000000,0x00000000e0000000,0x00000000f0300000)
  from space 123904K, 30% used [0x00000000f0300000,0x00000000f27aead8,0x00000000f7c00000)
  to   space 118272K, 0% used [0x00000000f8080000,0x00000000f8080000,0x00000000ff400000)
 ParOldGen       total 465920K, used 414976K [0x00000000a0000000, 0x00000000bc700000, 0x00000000e0000000)
  object space 465920K, 89% used [0x00000000a0000000,0x00000000b95400a8,0x00000000bc700000)
 Metaspace       used 90937K, capacity 100188K, committed 106624K, reserved 1140736K
  class space    used 11617K, capacity 13237K, committed 14720K, reserved 1048576K
}
Event: 3067.579 GC heap before
{Heap before GC invocations=95 (full 17):
 PSYoungGen      total 389120K, used 302778K [0x00000000e0000000, 0x00000000ff400000, 0x0000000100000000)
  eden space 265216K, 100% used [0x00000000e0000000,0x00000000f0300000,0x00000000f0300000)
  from space 123904K, 30% used [0x00000000f0300000,0x00000000f27aead8,0x00000000f7c00000)
  to   space 118272K, 0% used [0x00000000f8080000,0x00000000f8080000,0x00000000ff400000)
 ParOldGen       total 465920K, used 414976K [0x00000000a0000000, 0x00000000bc700000, 0x00000000e0000000)
  object space 465920K, 89% used [0x00000000a0000000,0x00000000b95400a8,0x00000000bc700000)
 Metaspace       used 90937K, capacity 100188K, committed 106624K, reserved 1140736K
  class space    used 11617K, capacity 13237K, committed 14720K, reserved 1048576K
Event: 3067.752 GC heap after
Heap after GC invocations=95 (full 17):
 PSYoungGen      total 394240K, used 41538K [0x00000000e0000000, 0x00000000fee80000, 0x0000000100000000)
  eden space 281600K, 0% used [0x00000000e0000000,0x00000000e0000000,0x00000000f1300000)
  from space 112640K, 36% used [0x00000000f8080000,0x00000000fa910b10,0x00000000fee80000)
  to   space 112128K, 0% used [0x00000000f1300000,0x00000000f1300000,0x00000000f8080000)
 ParOldGen       total 465920K, used 452172K [0x00000000a0000000, 0x00000000bc700000, 0x00000000e0000000)
  object space 465920K, 97% used [0x00000000a0000000,0x00000000bb993340,0x00000000bc700000)
 Metaspace       used 90937K, capacity 100188K, committed 106624K, reserved 1140736K
  class space    used 11617K, capacity 13237K, committed 14720K, reserved 1048576K
}
Event: 3067.752 GC heap before
{Heap before GC invocations=96 (full 18):
 PSYoungGen      total 394240K, used 41538K [0x00000000e0000000, 0x00000000fee80000, 0x0000000100000000)
  eden space 281600K, 0% used [0x00000000e0000000,0x00000000e0000000,0x00000000f1300000)
  from space 112640K, 36% used [0x00000000f8080000,0x00000000fa910b10,0x00000000fee80000)
  to   space 112128K, 0% used [0x00000000f1300000,0x00000000f1300000,0x00000000f8080000)
 ParOldGen       total 465920K, used 452172K [0x00000000a0000000, 0x00000000bc700000, 0x00000000e0000000)
  object space 465920K, 97% used [0x00000000a0000000,0x00000000bb993340,0x00000000bc700000)
 Metaspace       used 90937K, capacity 100188K, committed 106624K, reserved 1140736K
  class space    used 11617K, capacity 13237K, committed 14720K, reserved 1048576K
Event: 3069.552 GC heap after
Heap after GC invocations=96 (full 18):
 PSYoungGen      total 394240K, used 0K [0x00000000e0000000, 0x00000000fee80000, 0x0000000100000000)
  eden space 281600K, 0% used [0x00000000e0000000,0x00000000e0000000,0x00000000f1300000)
  from space 112640K, 0% used [0x00000000f8080000,0x00000000f8080000,0x00000000fee80000)
  to   space 112128K, 0% used [0x00000000f1300000,0x00000000f1300000,0x00000000f8080000)
 ParOldGen       total 423424K, used 253161K [0x00000000a0000000, 0x00000000b9d80000, 0x00000000e0000000)
  object space 423424K, 59% used [0x00000000a0000000,0x00000000af73a5c0,0x00000000b9d80000)
 Metaspace       used 90937K, capacity 100188K, committed 106624K, reserved 1140736K
  class space    used 11617K, capacity 13237K, committed 14720K, reserved 1048576K
}
Event: 3070.467 GC heap before
{Heap before GC invocations=97 (full 18):
 PSYoungGen      total 394240K, used 281600K [0x00000000e0000000, 0x00000000fee80000, 0x0000000100000000)
  eden space 281600K, 100% used [0x00000000e0000000,0x00000000f1300000,0x00000000f1300000)
  from space 112640K, 0% used [0x00000000f8080000,0x00000000f8080000,0x00000000fee80000)
  to   space 112128K, 0% used [0x00000000f1300000,0x00000000f1300000,0x00000000f8080000)
 ParOldGen       total 423424K, used 253434K [0x00000000a0000000, 0x00000000b9d80000, 0x00000000e0000000)
  object space 423424K, 59% used [0x00000000a0000000,0x00000000af77ea68,0x00000000b9d80000)
 Metaspace       used 90938K, capacity 100188K, committed 106624K, reserved 1140736K
  class space    used 11617K, capacity 13237K, committed 14720K, reserved 1048576K
Event: 3070.583 GC heap after
Heap after GC invocations=97 (full 18):
 PSYoungGen      total 393728K, used 40062K [0x00000000e0000000, 0x00000000ff480000, 0x0000000100000000)
  eden space 281600K, 0% used [0x00000000e0000000,0x00000000e0000000,0x00000000f1300000)
  from space 112128K, 35% used [0x00000000f1300000,0x00000000f3a1fa48,0x00000000f8080000)
  to   space 106496K, 0% used [0x00000000f8c80000,0x00000000f8c80000,0x00000000ff480000)
 ParOldGen       total 423424K, used 253434K [0x00000000a0000000, 0x00000000b9d80000, 0x00000000e0000000)
  object space 423424K, 59% used [0x00000000a0000000,0x00000000af77ea68,0x00000000b9d80000)
 Metaspace       used 90938K, capacity 100188K, committed 106624K, reserved 1140736K
  class space    used 11617K, capacity 13237K, committed 14720K, reserved 1048576K
}
Event: 3070.585 GC heap before
{Heap before GC invocations=98 (full 18):
 PSYoungGen      total 393728K, used 40341K [0x00000000e0000000, 0x00000000ff480000, 0x0000000100000000)
  eden space 281600K, 0% used [0x00000000e0000000,0x00000000e0045b90,0x00000000f1300000)
  from space 112128K, 35% used [0x00000000f1300000,0x00000000f3a1fa48,0x00000000f8080000)
  to   space 106496K, 0% used [0x00000000f8c80000,0x00000000f8c80000,0x00000000ff480000)
 ParOldGen       total 423424K, used 253434K [0x00000000a0000000, 0x00000000b9d80000, 0x00000000e0000000)
  object space 423424K, 59% used [0x00000000a0000000,0x00000000af77ea68,0x00000000b9d80000)
 Metaspace       used 90938K, capacity 100188K, committed 106624K, reserved 1140736K
  class space    used 11617K, capacity 13237K, committed 14720K, reserved 1048576K
Event: 3070.705 GC heap after
Heap after GC invocations=98 (full 18):
 PSYoungGen      total 403968K, used 96K [0x00000000e0000000, 0x00000000ffe80000, 0x0000000100000000)
  eden space 297472K, 0% used [0x00000000e0000000,0x00000000e0000000,0x00000000f2280000)
  from space 106496K, 0% used [0x00000000f8c80000,0x00000000f8c98000,0x00000000ff480000)
  to   space 108544K, 0% used [0x00000000f2280000,0x00000000f2280000,0x00000000f8c80000)
 ParOldGen       total 423424K, used 291775K [0x00000000a0000000, 0x00000000b9d80000, 0x00000000e0000000)
  object space 423424K, 68% used [0x00000000a0000000,0x00000000b1cefe50,0x00000000b9d80000)
 Metaspace       used 90938K, capacity 100188K, committed 106624K, reserved 1140736K
  class space    used 11617K, capacity 13237K, committed 14720K, reserved 1048576K
}

Deoptimization events (10 events):
Event: 3066.400 Thread 0x000000001bef6000 Uncommon trap: reason=unstable_if action=reinterpret pc=0x0000000006fbaf20 method=com.android.dx.dex.file.CodeItem.addContents(Lcom/android/dx/dex/file/DexFile;)V @ 27
Event: 3066.736 Thread 0x000000001bef6000 Uncommon trap: reason=unstable_if action=reinterpret pc=0x0000000007dd1160 method=java.util.concurrent.ConcurrentHashMap.get(Ljava/lang/Object;)Ljava/lang/Object; @ 86
Event: 3066.764 Thread 0x000000001d53f000 Uncommon trap: reason=unstable_if action=reinterpret pc=0x00000000080b2f20 method=com.android.dx.cf.code.LocalVariableList$Item.matchesAllButType(Lcom/android/dx/cf/code/LocalVariableList$Item;)Z @ 19
Event: 3066.764 Thread 0x000000001d53f000 Uncommon trap: reason=unstable_if action=reinterpret pc=0x0000000007cf4b48 method=com.android.dx.cf.code.LocalVariableList$Item.matchesAllButType(Lcom/android/dx/cf/code/LocalVariableList$Item;)Z @ 19
Event: 3066.766 Thread 0x000000001d53f000 Uncommon trap: reason=unstable_if action=reinterpret pc=0x000000000821dd40 method=com.android.dx.dex.cf.AttributeTranslator.getParameterAnnotations(Lcom/android/dx/cf/iface/Method;)Lcom/android/dx/rop/annotation/AnnotationsList; @ 49
Event: 3066.777 Thread 0x000000001d53f000 Uncommon trap: reason=unstable_if action=reinterpret pc=0x0000000007c6bdf0 method=com.android.dx.dex.cf.AttributeTranslator.getParameterAnnotations(Lcom/android/dx/cf/iface/Method;)Lcom/android/dx/rop/annotation/AnnotationsList; @ 49
Event: 3067.177 Thread 0x000000001befe000 Uncommon trap: reason=speculate_class_check action=maybe_recompile pc=0x0000000007d7257c method=java.util.concurrent.locks.AbstractQueuedSynchronizer.release(I)Z @ 2
Event: 3067.177 Thread 0x000000001bef6000 Uncommon trap: reason=speculate_class_check action=maybe_recompile pc=0x0000000007d7257c method=java.util.concurrent.locks.AbstractQueuedSynchronizer.release(I)Z @ 2
Event: 3069.824 Thread 0x000000001bef9000 Uncommon trap: reason=unstable_if action=reinterpret pc=0x000000000823a044 method=com.android.dx.dex.file.DebugInfoEncoder.emitHeader(Ljava/util/ArrayList;Ljava/util/ArrayList;)V @ 174
Event: 3071.140 Thread 0x000000001beff800 Uncommon trap: reason=unstable_if action=reinterpret pc=0x0000000007bcbfc0 method=java.util.concurrent.locks.AbstractQueuedSynchronizer.enq(Ljava/util/concurrent/locks/AbstractQueuedSynchronizer$Node;)Ljava/util/concurrent/locks/AbstractQueuedSynchronizer$à¿úÌô§@

Internal exceptions (10 events):
Event: 3045.293 Thread 0x000000001d53f000 Implicit null exception at 0x00000000078ee3aa to 0x00000000078eec89
Event: 3045.293 Thread 0x000000001d53f000 Implicit null exception at 0x0000000006f12345 to 0x0000000006f123c9
Event: 3047.554 Thread 0x000000001bef6800 Implicit null exception at 0x0000000007c18ceb to 0x0000000007c19fb5
Event: 3047.554 Thread 0x000000001bef6800 Implicit null exception at 0x000000000681cf32 to 0x000000000681d3f9
Event: 3047.554 Thread 0x000000001bef6800 Implicit null exception at 0x0000000007c00982 to 0x0000000007c01965
Event: 3047.555 Thread 0x000000001bef6800 Implicit null exception at 0x0000000007ce9f9a to 0x0000000007cec12d
Event: 3049.529 Thread 0x000000001d53d000 Implicit null exception at 0x00000000080539ed to 0x0000000008054ae9
Event: 3057.549 Thread 0x000000001beff000 Implicit null exception at 0x0000000007bd1935 to 0x0000000007bd2a9d
Event: 3057.549 Thread 0x000000001beff000 Implicit null exception at 0x00000000078a2363 to 0x00000000078a2376
Event: 3063.695 Thread 0x000000001bef6000 Implicit null exception at 0x0000000007ced73f to 0x0000000007cee43d

Events (10 events):
Event: 3071.140 Thread 0x000000001beff800 Uncommon trap: trap_request=0xffffff65 fr.pc=0x0000000007bcbfc0
Event: 3071.140 Thread 0x000000001beff800 DEOPT PACKING pc=0x0000000007bcbfc0 sp=0x000000002e56efa0
Event: 3071.140 Thread 0x000000001beff800 DEOPT UNPACKING pc=0x0000000002ed556a sp=0x000000002e56ee30 mode 2
Event: 3071.140 Thread 0x000000001befc000 Thread exited: 0x000000001befc000
Event: 3071.140 Thread 0x000000001beff800 Thread exited: 0x000000001beff800
Event: 3071.140 Thread 0x000000001bef7800 Thread exited: 0x000000001bef7800
Event: 3071.141 Thread 0x000000001befe000 Thread exited: 0x000000001befe000
Event: 3071.141 Thread 0x000000001bef9000 Thread exited: 0x000000001bef9000
Event: 3071.142 Thread 0x000000001d540800 Thread added: 0x000000001d540800
Event: 3071.144 Thread 0x000000001d53a800 Thread exited: 0x000000001d53a800


Dynamic libraries:
0x00007ff657af0000 - 0x00007ff657b21000 	C:\Program Files\Android\Android Studio\jre\bin\java.exe
0x00007ffba2c90000 - 0x00007ffba2e3d000 	C:\WINDOWS\SYSTEM32\ntdll.dll
0x00007ffba1160000 - 0x00007ffba129e000 	C:\WINDOWS\system32\KERNEL32.DLL
0x00007ffba0070000 - 0x00007ffba0186000 	C:\WINDOWS\system32\KERNELBASE.dll
0x00007ffba0aa0000 - 0x00007ffba0b4a000 	C:\WINDOWS\system32\ADVAPI32.dll
0x00007ffba1320000 - 0x00007ffba1497000 	C:\WINDOWS\system32\USER32.dll
0x00007ffb9daf0000 - 0x00007ffb9dd6b000 	C:\WINDOWS\WinSxS\amd64_microsoft.windows.common-controls_6595b64144ccf1df_6.0.9600.18006_none_623f33d3ecbe86e8\COMCTL32.dll
0x00007ffba0f20000 - 0x00007ffba0fca000 	C:\WINDOWS\system32\msvcrt.dll
0x00007ffba0740000 - 0x00007ffba0799000 	C:\WINDOWS\SYSTEM32\sechost.dll
0x00007ffba1560000 - 0x00007ffba16a0000 	C:\WINDOWS\system32\RPCRT4.dll
0x00007ffba0dd0000 - 0x00007ffba0f1b000 	C:\WINDOWS\system32\GDI32.dll
0x00007ffba0240000 - 0x00007ffba026e000 	C:\WINDOWS\system32\SspiCli.dll
0x00007ffba09a0000 - 0x00007ffba09d6000 	C:\WINDOWS\system32\IMM32.DLL
0x00007ffba0fd0000 - 0x00007ffba1121000 	C:\WINDOWS\system32\MSCTF.dll
0x000000006b3e0000 - 0x000000006b4b2000 	C:\Program Files\Android\Android Studio\jre\jre\bin\msvcr100.dll
0x000000006b4c0000 - 0x000000006bcf4000 	C:\Program Files\Android\Android Studio\jre\jre\bin\server\jvm.dll
0x00007ffb99ea0000 - 0x00007ffb99ea9000 	C:\WINDOWS\SYSTEM32\WSOCK32.dll
0x00007ffb99f40000 - 0x00007ffb99f62000 	C:\WINDOWS\SYSTEM32\WINMM.dll
0x00007ffb9a580000 - 0x00007ffb9a58a000 	C:\WINDOWS\SYSTEM32\VERSION.dll
0x00007ffba0730000 - 0x00007ffba0737000 	C:\WINDOWS\system32\PSAPI.DLL
0x00007ffba0a40000 - 0x00007ffba0a9a000 	C:\WINDOWS\system32\WS2_32.dll
0x00007ffb99f10000 - 0x00007ffb99f3a000 	C:\WINDOWS\SYSTEM32\WINMMBASE.dll
0x00007ffba0720000 - 0x00007ffba0729000 	C:\WINDOWS\system32\NSI.dll
0x00007ffba0190000 - 0x00007ffba01df000 	C:\WINDOWS\SYSTEM32\cfgmgr32.dll
0x00007ffb9ec00000 - 0x00007ffb9ec28000 	C:\WINDOWS\SYSTEM32\DEVOBJ.dll
0x00007ffb9c530000 - 0x00007ffb9c53f000 	C:\Program Files\Android\Android Studio\jre\jre\bin\verify.dll
0x00007ffb831d0000 - 0x00007ffb831f9000 	C:\Program Files\Android\Android Studio\jre\jre\bin\java.dll
0x00007ffb9b2a0000 - 0x00007ffb9b2b6000 	C:\Program Files\Android\Android Studio\jre\jre\bin\zip.dll
0x00007ffba16a0000 - 0x00007ffba2bcc000 	C:\WINDOWS\system32\SHELL32.dll
0x00007ffba0500000 - 0x00007ffba0712000 	C:\WINDOWS\SYSTEM32\combase.dll
0x00007ffba09e0000 - 0x00007ffba0a34000 	C:\WINDOWS\system32\SHLWAPI.dll
0x00007ffb9df90000 - 0x00007ffb9e042000 	C:\WINDOWS\SYSTEM32\SHCORE.dll
0x00007ffb9fdc0000 - 0x00007ffb9fdd5000 	C:\WINDOWS\SYSTEM32\profapi.dll
0x00007ffb956f0000 - 0x00007ffb9570a000 	C:\Program Files\Android\Android Studio\jre\jre\bin\net.dll
0x00007ffb9f5f0000 - 0x00007ffb9f649000 	C:\WINDOWS\system32\mswsock.dll
0x00007ffb94ac0000 - 0x00007ffb94ad1000 	C:\Program Files\Android\Android Studio\jre\jre\bin\nio.dll
0x00007ffb957b0000 - 0x00007ffb957c2000 	C:\Users\Lara\.gradle\native\19\windows-amd64\native-platform.dll
0x00007ffb9f650000 - 0x00007ffb9f670000 	C:\WINDOWS\SYSTEM32\CRYPTSP.dll
0x00007ffb9f270000 - 0x00007ffb9f2a6000 	C:\WINDOWS\system32\rsaenh.dll
0x00007ffb9f8a0000 - 0x00007ffb9f8c6000 	C:\WINDOWS\SYSTEM32\bcrypt.dll
0x00007ffb9f380000 - 0x00007ffb9f3a1000 	C:\WINDOWS\SYSTEM32\USERENV.dll
0x00007ffb9fbc0000 - 0x00007ffb9fc23000 	C:\WINDOWS\system32\bcryptprimitives.dll
0x00007ffb9fc30000 - 0x00007ffb9fc3b000 	C:\WINDOWS\SYSTEM32\CRYPTBASE.dll
0x00007ffb9b9d0000 - 0x00007ffb9b9fa000 	C:\WINDOWS\SYSTEM32\IPHLPAPI.DLL
0x00007ffb9b9b0000 - 0x00007ffb9b9ba000 	C:\WINDOWS\SYSTEM32\WINNSI.DLL
0x00007ffb9b760000 - 0x00007ffb9b776000 	C:\WINDOWS\SYSTEM32\dhcpcsvc6.DLL
0x00007ffb9b740000 - 0x00007ffb9b75a000 	C:\WINDOWS\SYSTEM32\dhcpcsvc.DLL
0x00007ffb98ec0000 - 0x00007ffb98ecd000 	C:\Program Files\Android\Android Studio\jre\jre\bin\management.dll
0x00007ffb82d30000 - 0x00007ffb82d54000 	C:\Program Files\Android\Android Studio\jre\jre\bin\sunec.dll
0x00007ffb9f3f0000 - 0x00007ffb9f494000 	C:\WINDOWS\SYSTEM32\DNSAPI.dll
0x000000006bd00000 - 0x000000006bd26000 	C:\Program Files\Bonjour\mdnsNSP.dll
0x00007ffb98360000 - 0x00007ffb9836a000 	C:\Windows\System32\rasadhlp.dll
0x00007ffb9b780000 - 0x00007ffb9b7eb000 	C:\WINDOWS\System32\fwpuclnt.dll
0x00007ffb93fd0000 - 0x00007ffb94159000 	C:\WINDOWS\SYSTEM32\dbghelp.dll

VM Arguments:
jvm_args: -Xmx1536m -Dfile.encoding=windows-1252 -Duser.country=US -Duser.language=en -Duser.variant 
java_command: org.gradle.launcher.daemon.bootstrap.GradleDaemon 2.14.1
java_class_path (initial): C:\Users\Lara\.gradle\wrapper\dists\gradle-2.14.1-all\8bnwg5hd3w55iofp58khbp6yv\gradle-2.14.1\lib\gradle-launcher-2.14.1.jar
Launcher Type: SUN_STANDARD

Environment Variables:
PATH=C:\sqlite;C:\Program Files (x86)\GitExtensions\;C:\Users\Lara\.gradle\wrapper\dists\gradle-2.8-all\ah86jmo43de9lfa8xg9ux3c4h\gradle-2.8\samples\native-binaries\google-test\libs\googleTest\1.7.0\lib;C:\Users\Lara\AppData\Local\GitHubDesktop\bin
USERNAME=Lara
OS=Windows_NT
PROCESSOR_IDENTIFIER=Intel64 Family 6 Model 23 Stepping 10, GenuineIntel



---------------  S Y S T E M  ---------------

OS: Windows 8.1 , 64 bit Build 9600 (6.3.9600.17415)

CPU:total 4 (4 cores per cpu, 1 threads per core) family 6 model 23 stepping 10, cmov, cx8, fxsr, mmx, sse, sse2, sse3, ssse3, sse4.1, tsc

Memory: 4k page, physical 8387812k(1282988k free), swap 13368548k(5115096k free)

vm_info: OpenJDK 64-Bit Server VM (25.76-b03) for windows-amd64 JRE (1.8.0_76-release-b03), built on Jun 29 2016 19:09:20 by "ralucas" with MS VC++ 10.0 (VS2010)

time: Thu Jun 21 11:18:08 2018
elapsed time: 3073 seconds (0d 0h 51m 13s)

